[Info  - 11:54:31 PM] Linter is running.
[Warn  - 11:54:32 PM] 
Failed to load the TSLint library for the document /opt/lampp/htdocs/divisima/js/main.js

To use TSLint in this workspace please install tslint using 'npm install tslint' or globally using 'npm install -g tslint'.
TSLint has a peer dependency on `typescript`, make sure that `typescript` is installed as well.
You need to reopen the workspace after installing tslint.
[Warn  - 11:57:11 PM] 
Failed to load the TSLint library for the document /opt/lampp/htdocs/divisima/js/main.js

To use TSLint in this workspace please install tslint using 'npm install tslint' or globally using 'npm install -g tslint'.
TSLint has a peer dependency on `typescript`, make sure that `typescript` is installed as well.
You need to reopen the workspace after installing tslint.
[Warn  - 11:57:13 PM] 
Failed to load the TSLint library for the document /opt/lampp/htdocs/divisima/js/main.js

To use TSLint in this workspace please install tslint using 'npm install tslint' or globally using 'npm install -g tslint'.
TSLint has a peer dependency on `typescript`, make sure that `typescript` is installed as well.
You need to reopen the workspace after installing tslint.
[Warn  - 11:57:13 PM] 
Failed to load the TSLint library for the document /opt/lampp/htdocs/divisima/js/main.js

To use TSLint in this workspace please install tslint using 'npm install tslint' or globally using 'npm install -g tslint'.
TSLint has a peer dependency on `typescript`, make sure that `typescript` is installed as well.
You need to reopen the workspace after installing tslint.
[Warn  - 11:57:14 PM] 
Failed to load the TSLint library for the document /opt/lampp/htdocs/divisima/js/main.js

To use TSLint in this workspace please install tslint using 'npm install tslint' or globally using 'npm install -g tslint'.
TSLint has a peer dependency on `typescript`, make sure that `typescript` is installed as well.
You need to reopen the workspace after installing tslint.
[Warn  - 11:57:15 PM] 
Failed to load the TSLint library for the document /opt/lampp/htdocs/divisima/js/main.js

To use TSLint in this workspace please install tslint using 'npm install tslint' or globally using 'npm install -g tslint'.
TSLint has a peer dependency on `typescript`, make sure that `typescript` is installed as well.
You need to reopen the workspace after installing tslint.
[Warn  - 11:57:17 PM] 
Failed to load the TSLint library for the document /opt/lampp/htdocs/divisima/js/main.js

To use TSLint in this workspace please install tslint using 'npm install tslint' or globally using 'npm install -g tslint'.
TSLint has a peer dependency on `typescript`, make sure that `typescript` is installed as well.
You need to reopen the workspace after installing tslint.
[Warn  - 11:57:21 PM] 
Failed to load the TSLint library for the document /opt/lampp/htdocs/divisima/js/main.js

To use TSLint in this workspace please install tslint using 'npm install tslint' or globally using 'npm install -g tslint'.
TSLint has a peer dependency on `typescript`, make sure that `typescript` is installed as well.
You need to reopen the workspace after installing tslint.
[Warn  - 11:57:32 PM] 
Failed to load the TSLint library for the document /opt/lampp/htdocs/divisima/js/main.js

To use TSLint in this workspace please install tslint using 'npm install tslint' or globally using 'npm install -g tslint'.
TSLint has a peer dependency on `typescript`, make sure that `typescript` is installed as well.
You need to reopen the workspace after installing tslint.
[Warn  - 11:57:33 PM] 
Failed to load the TSLint library for the document /opt/lampp/htdocs/divisima/js/main.js

To use TSLint in this workspace please install tslint using 'npm install tslint' or globally using 'npm install -g tslint'.
TSLint has a peer dependency on `typescript`, make sure that `typescript` is installed as well.
You need to reopen the workspace after installing tslint.
[Warn  - 11:59:17 PM] 
Failed to load the TSLint library for the document /opt/lampp/htdocs/divisima/js/main.js

To use TSLint in this workspace please install tslint using 'npm install tslint' or globally using 'npm install -g tslint'.
TSLint has a peer dependency on `typescript`, make sure that `typescript` is installed as well.
You need to reopen the workspace after installing tslint.
[Warn  - 11:59:17 PM] 
Failed to load the TSLint library for the document /opt/lampp/htdocs/divisima/js/main.js

To use TSLint in this workspace please install tslint using 'npm install tslint' or globally using 'npm install -g tslint'.
TSLint has a peer dependency on `typescript`, make sure that `typescript` is installed as well.
You need to reopen the workspace after installing tslint.
[Warn  - 11:59:18 PM] 
Failed to load the TSLint library for the document /opt/lampp/htdocs/divisima/js/main.js

To use TSLint in this workspace please install tslint using 'npm install tslint' or globally using 'npm install -g tslint'.
TSLint has a peer dependency on `typescript`, make sure that `typescript` is installed as well.
You need to reopen the workspace after installing tslint.
[Warn  - 11:59:18 PM] 
Failed to load the TSLint library for the document /opt/lampp/htdocs/divisima/js/main.js

To use TSLint in this workspace please install tslint using 'npm install tslint' or globally using 'npm install -g tslint'.
TSLint has a peer dependency on `typescript`, make sure that `typescript` is installed as well.
You need to reopen the workspace after installing tslint.
[Warn  - 11:59:18 PM] 
Failed to load the TSLint library for the document /opt/lampp/htdocs/divisima/js/main.js

To use TSLint in this workspace please install tslint using 'npm install tslint' or globally using 'npm install -g tslint'.
TSLint has a peer dependency on `typescript`, make sure that `typescript` is installed as well.
You need to reopen the workspace after installing tslint.
[Warn  - 11:59:18 PM] 
Failed to load the TSLint library for the document /opt/lampp/htdocs/divisima/js/main.js

To use TSLint in this workspace please install tslint using 'npm install tslint' or globally using 'npm install -g tslint'.
TSLint has a peer dependency on `typescript`, make sure that `typescript` is installed as well.
You need to reopen the workspace after installing tslint.
[Warn  - 11:59:19 PM] 
Failed to load the TSLint library for the document /opt/lampp/htdocs/divisima/js/main.js

To use TSLint in this workspace please install tslint using 'npm install tslint' or globally using 'npm install -g tslint'.
TSLint has a peer dependency on `typescript`, make sure that `typescript` is installed as well.
You need to reopen the workspace after installing tslint.
[Warn  - 11:59:19 PM] 
Failed to load the TSLint library for the document /opt/lampp/htdocs/divisima/js/main.js

To use TSLint in this workspace please install tslint using 'npm install tslint' or globally using 'npm install -g tslint'.
TSLint has a peer dependency on `typescript`, make sure that `typescript` is installed as well.
You need to reopen the workspace after installing tslint.
[Warn  - 11:59:19 PM] 
Failed to load the TSLint library for the document /opt/lampp/htdocs/divisima/js/main.js

To use TSLint in this workspace please install tslint using 'npm install tslint' or globally using 'npm install -g tslint'.
TSLint has a peer dependency on `typescript`, make sure that `typescript` is installed as well.
You need to reopen the workspace after installing tslint.
[Warn  - 11:59:20 PM] 
Failed to load the TSLint library for the document /opt/lampp/htdocs/divisima/js/main.js

To use TSLint in this workspace please install tslint using 'npm install tslint' or globally using 'npm install -g tslint'.
TSLint has a peer dependency on `typescript`, make sure that `typescript` is installed as well.
You need to reopen the workspace after installing tslint.
[Warn  - 11:59:23 PM] 
Failed to load the TSLint library for the document /opt/lampp/htdocs/divisima/js/main.js

To use TSLint in this workspace please install tslint using 'npm install tslint' or globally using 'npm install -g tslint'.
TSLint has a peer dependency on `typescript`, make sure that `typescript` is installed as well.
You need to reopen the workspace after installing tslint.
[Warn  - 11:59:24 PM] 
Failed to load the TSLint library for the document /opt/lampp/htdocs/divisima/js/main.js

To use TSLint in this workspace please install tslint using 'npm install tslint' or globally using 'npm install -g tslint'.
TSLint has a peer dependency on `typescript`, make sure that `typescript` is installed as well.
You need to reopen the workspace after installing tslint.
[Warn  - 11:59:25 PM] 
Failed to load the TSLint library for the document /opt/lampp/htdocs/divisima/js/main.js

To use TSLint in this workspace please install tslint using 'npm install tslint' or globally using 'npm install -g tslint'.
TSLint has a peer dependency on `typescript`, make sure that `typescript` is installed as well.
You need to reopen the workspace after installing tslint.
[Warn  - 11:59:26 PM] 
Failed to load the TSLint library for the document /opt/lampp/htdocs/divisima/js/main.js

To use TSLint in this workspace please install tslint using 'npm install tslint' or globally using 'npm install -g tslint'.
TSLint has a peer dependency on `typescript`, make sure that `typescript` is installed as well.
You need to reopen the workspace after installing tslint.
[Warn  - 11:59:27 PM] 
Failed to load the TSLint library for the document /opt/lampp/htdocs/divisima/js/main.js

To use TSLint in this workspace please install tslint using 'npm install tslint' or globally using 'npm install -g tslint'.
TSLint has a peer dependency on `typescript`, make sure that `typescript` is installed as well.
You need to reopen the workspace after installing tslint.
[Warn  - 11:59:27 PM] 
Failed to load the TSLint library for the document /opt/lampp/htdocs/divisima/js/main.js

To use TSLint in this workspace please install tslint using 'npm install tslint' or globally using 'npm install -g tslint'.
TSLint has a peer dependency on `typescript`, make sure that `typescript` is installed as well.
You need to reopen the workspace after installing tslint.
[Warn  - 11:59:28 PM] 
Failed to load the TSLint library for the document /opt/lampp/htdocs/divisima/js/main.js

To use TSLint in this workspace please install tslint using 'npm install tslint' or globally using 'npm install -g tslint'.
TSLint has a peer dependency on `typescript`, make sure that `typescript` is installed as well.
You need to reopen the workspace after installing tslint.
[Warn  - 11:59:32 PM] 
Failed to load the TSLint library for the document /opt/lampp/htdocs/divisima/js/main.js

To use TSLint in this workspace please install tslint using 'npm install tslint' or globally using 'npm install -g tslint'.
TSLint has a peer dependency on `typescript`, make sure that `typescript` is installed as well.
You need to reopen the workspace after installing tslint.
[Warn  - 11:59:35 PM] 
Failed to load the TSLint library for the document /opt/lampp/htdocs/divisima/js/main.js

To use TSLint in this workspace please install tslint using 'npm install tslint' or globally using 'npm install -g tslint'.
TSLint has a peer dependency on `typescript`, make sure that `typescript` is installed as well.
You need to reopen the workspace after installing tslint.
[Warn  - 12:00:43 AM] 
Failed to load the TSLint library for the document /opt/lampp/htdocs/divisima/js/main.js

To use TSLint in this workspace please install tslint using 'npm install tslint' or globally using 'npm install -g tslint'.
TSLint has a peer dependency on `typescript`, make sure that `typescript` is installed as well.
You need to reopen the workspace after installing tslint.
[Warn  - 12:00:43 AM] 
Failed to load the TSLint library for the document /opt/lampp/htdocs/divisima/js/main.js

To use TSLint in this workspace please install tslint using 'npm install tslint' or globally using 'npm install -g tslint'.
TSLint has a peer dependency on `typescript`, make sure that `typescript` is installed as well.
You need to reopen the workspace after installing tslint.
[Warn  - 12:00:48 AM] 
Failed to load the TSLint library for the document /opt/lampp/htdocs/divisima/js/main.js

To use TSLint in this workspace please install tslint using 'npm install tslint' or globally using 'npm install -g tslint'.
TSLint has a peer dependency on `typescript`, make sure that `typescript` is installed as well.
You need to reopen the workspace after installing tslint.
[Warn  - 12:00:50 AM] 
Failed to load the TSLint library for the document /opt/lampp/htdocs/divisima/js/main.js

To use TSLint in this workspace please install tslint using 'npm install tslint' or globally using 'npm install -g tslint'.
TSLint has a peer dependency on `typescript`, make sure that `typescript` is installed as well.
You need to reopen the workspace after installing tslint.
[Warn  - 12:00:52 AM] 
Failed to load the TSLint library for the document /opt/lampp/htdocs/divisima/js/main.js

To use TSLint in this workspace please install tslint using 'npm install tslint' or globally using 'npm install -g tslint'.
TSLint has a peer dependency on `typescript`, make sure that `typescript` is installed as well.
You need to reopen the workspace after installing tslint.
[Warn  - 12:00:54 AM] 
Failed to load the TSLint library for the document /opt/lampp/htdocs/divisima/js/main.js

To use TSLint in this workspace please install tslint using 'npm install tslint' or globally using 'npm install -g tslint'.
TSLint has a peer dependency on `typescript`, make sure that `typescript` is installed as well.
You need to reopen the workspace after installing tslint.
[Warn  - 12:00:55 AM] 
Failed to load the TSLint library for the document /opt/lampp/htdocs/divisima/js/main.js

To use TSLint in this workspace please install tslint using 'npm install tslint' or globally using 'npm install -g tslint'.
TSLint has a peer dependency on `typescript`, make sure that `typescript` is installed as well.
You need to reopen the workspace after installing tslint.
[Warn  - 12:01:22 AM] 
Failed to load the TSLint library for the document /opt/lampp/htdocs/divisima/js/cart.js

To use TSLint in this workspace please install tslint using 'npm install tslint' or globally using 'npm install -g tslint'.
TSLint has a peer dependency on `typescript`, make sure that `typescript` is installed as well.
You need to reopen the workspace after installing tslint.
[Warn  - 12:01:42 AM] 
Failed to load the TSLint library for the document /opt/lampp/htdocs/divisima/js/main.js

To use TSLint in this workspace please install tslint using 'npm install tslint' or globally using 'npm install -g tslint'.
TSLint has a peer dependency on `typescript`, make sure that `typescript` is installed as well.
You need to reopen the workspace after installing tslint.
[Warn  - 12:01:43 AM] 
Failed to load the TSLint library for the document /opt/lampp/htdocs/divisima/js/main.js

To use TSLint in this workspace please install tslint using 'npm install tslint' or globally using 'npm install -g tslint'.
TSLint has a peer dependency on `typescript`, make sure that `typescript` is installed as well.
You need to reopen the workspace after installing tslint.
[Warn  - 12:02:11 AM] 
Failed to load the TSLint library for the document /opt/lampp/htdocs/divisima/js/main.js

To use TSLint in this workspace please install tslint using 'npm install tslint' or globally using 'npm install -g tslint'.
TSLint has a peer dependency on `typescript`, make sure that `typescript` is installed as well.
You need to reopen the workspace after installing tslint.
[Warn  - 12:02:13 AM] 
Failed to load the TSLint library for the document /opt/lampp/htdocs/divisima/js/main.js

To use TSLint in this workspace please install tslint using 'npm install tslint' or globally using 'npm install -g tslint'.
TSLint has a peer dependency on `typescript`, make sure that `typescript` is installed as well.
You need to reopen the workspace after installing tslint.
[Warn  - 12:02:13 AM] 
Failed to load the TSLint library for the document /opt/lampp/htdocs/divisima/js/main.js

To use TSLint in this workspace please install tslint using 'npm install tslint' or globally using 'npm install -g tslint'.
TSLint has a peer dependency on `typescript`, make sure that `typescript` is installed as well.
You need to reopen the workspace after installing tslint.
[Warn  - 12:02:14 AM] 
Failed to load the TSLint library for the document /opt/lampp/htdocs/divisima/js/main.js

To use TSLint in this workspace please install tslint using 'npm install tslint' or globally using 'npm install -g tslint'.
TSLint has a peer dependency on `typescript`, make sure that `typescript` is installed as well.
You need to reopen the workspace after installing tslint.
[Warn  - 12:02:14 AM] 
Failed to load the TSLint library for the document /opt/lampp/htdocs/divisima/js/main.js

To use TSLint in this workspace please install tslint using 'npm install tslint' or globally using 'npm install -g tslint'.
TSLint has a peer dependency on `typescript`, make sure that `typescript` is installed as well.
You need to reopen the workspace after installing tslint.
[Warn  - 12:02:16 AM] 
Failed to load the TSLint library for the document /opt/lampp/htdocs/divisima/js/main.js

To use TSLint in this workspace please install tslint using 'npm install tslint' or globally using 'npm install -g tslint'.
TSLint has a peer dependency on `typescript`, make sure that `typescript` is installed as well.
You need to reopen the workspace after installing tslint.
[Warn  - 12:02:26 AM] 
Failed to load the TSLint library for the document /opt/lampp/htdocs/divisima/js/main.js

To use TSLint in this workspace please install tslint using 'npm install tslint' or globally using 'npm install -g tslint'.
TSLint has a peer dependency on `typescript`, make sure that `typescript` is installed as well.
You need to reopen the workspace after installing tslint.
[Warn  - 12:02:27 AM] 
Failed to load the TSLint library for the document /opt/lampp/htdocs/divisima/js/main.js

To use TSLint in this workspace please install tslint using 'npm install tslint' or globally using 'npm install -g tslint'.
TSLint has a peer dependency on `typescript`, make sure that `typescript` is installed as well.
You need to reopen the workspace after installing tslint.
[Warn  - 12:04:50 AM] 
Failed to load the TSLint library for the document /opt/lampp/htdocs/divisima/js/main.js

To use TSLint in this workspace please install tslint using 'npm install tslint' or globally using 'npm install -g tslint'.
TSLint has a peer dependency on `typescript`, make sure that `typescript` is installed as well.
You need to reopen the workspace after installing tslint.
[Warn  - 12:05:12 AM] 
Failed to load the TSLint library for the document /opt/lampp/htdocs/divisima/js/main.js

To use TSLint in this workspace please install tslint using 'npm install tslint' or globally using 'npm install -g tslint'.
TSLint has a peer dependency on `typescript`, make sure that `typescript` is installed as well.
You need to reopen the workspace after installing tslint.
[Warn  - 12:05:46 AM] 
Failed to load the TSLint library for the document /opt/lampp/htdocs/divisima/js/main.js

To use TSLint in this workspace please install tslint using 'npm install tslint' or globally using 'npm install -g tslint'.
TSLint has a peer dependency on `typescript`, make sure that `typescript` is installed as well.
You need to reopen the workspace after installing tslint.
[Warn  - 12:06:04 AM] 
Failed to load the TSLint library for the document /opt/lampp/htdocs/divisima/js/main.js

To use TSLint in this workspace please install tslint using 'npm install tslint' or globally using 'npm install -g tslint'.
TSLint has a peer dependency on `typescript`, make sure that `typescript` is installed as well.
You need to reopen the workspace after installing tslint.
[Warn  - 12:06:05 AM] 
Failed to load the TSLint library for the document /opt/lampp/htdocs/divisima/js/main.js

To use TSLint in this workspace please install tslint using 'npm install tslint' or globally using 'npm install -g tslint'.
TSLint has a peer dependency on `typescript`, make sure that `typescript` is installed as well.
You need to reopen the workspace after installing tslint.
[Warn  - 12:06:59 AM] 
Failed to load the TSLint library for the document /opt/lampp/htdocs/divisima/js/main.js

To use TSLint in this workspace please install tslint using 'npm install tslint' or globally using 'npm install -g tslint'.
TSLint has a peer dependency on `typescript`, make sure that `typescript` is installed as well.
You need to reopen the workspace after installing tslint.
[Warn  - 12:07:12 AM] 
Failed to load the TSLint library for the document /opt/lampp/htdocs/divisima/js/main.js

To use TSLint in this workspace please install tslint using 'npm install tslint' or globally using 'npm install -g tslint'.
TSLint has a peer dependency on `typescript`, make sure that `typescript` is installed as well.
You need to reopen the workspace after installing tslint.
[Warn  - 12:12:56 AM] 
Failed to load the TSLint library for the document /opt/lampp/htdocs/divisima/js/main.js

To use TSLint in this workspace please install tslint using 'npm install tslint' or globally using 'npm install -g tslint'.
TSLint has a peer dependency on `typescript`, make sure that `typescript` is installed as well.
You need to reopen the workspace after installing tslint.
[Warn  - 12:12:56 AM] 
Failed to load the TSLint library for the document /opt/lampp/htdocs/divisima/js/main.js

To use TSLint in this workspace please install tslint using 'npm install tslint' or globally using 'npm install -g tslint'.
TSLint has a peer dependency on `typescript`, make sure that `typescript` is installed as well.
You need to reopen the workspace after installing tslint.
[Warn  - 12:12:57 AM] 
Failed to load the TSLint library for the document /opt/lampp/htdocs/divisima/js/main.js

To use TSLint in this workspace please install tslint using 'npm install tslint' or globally using 'npm install -g tslint'.
TSLint has a peer dependency on `typescript`, make sure that `typescript` is installed as well.
You need to reopen the workspace after installing tslint.
[Warn  - 12:13:00 AM] 
Failed to load the TSLint library for the document /opt/lampp/htdocs/divisima/js/main.js

To use TSLint in this workspace please install tslint using 'npm install tslint' or globally using 'npm install -g tslint'.
TSLint has a peer dependency on `typescript`, make sure that `typescript` is installed as well.
You need to reopen the workspace after installing tslint.
[Warn  - 12:13:01 AM] 
Failed to load the TSLint library for the document /opt/lampp/htdocs/divisima/js/main.js

To use TSLint in this workspace please install tslint using 'npm install tslint' or globally using 'npm install -g tslint'.
TSLint has a peer dependency on `typescript`, make sure that `typescript` is installed as well.
You need to reopen the workspace after installing tslint.
[Warn  - 12:13:01 AM] 
Failed to load the TSLint library for the document /opt/lampp/htdocs/divisima/js/main.js

To use TSLint in this workspace please install tslint using 'npm install tslint' or globally using 'npm install -g tslint'.
TSLint has a peer dependency on `typescript`, make sure that `typescript` is installed as well.
You need to reopen the workspace after installing tslint.
[Warn  - 12:13:02 AM] 
Failed to load the TSLint library for the document /opt/lampp/htdocs/divisima/js/main.js

To use TSLint in this workspace please install tslint using 'npm install tslint' or globally using 'npm install -g tslint'.
TSLint has a peer dependency on `typescript`, make sure that `typescript` is installed as well.
You need to reopen the workspace after installing tslint.
[Warn  - 12:14:05 AM] 
Failed to load the TSLint library for the document /opt/lampp/htdocs/divisima/js/main.js

To use TSLint in this workspace please install tslint using 'npm install tslint' or globally using 'npm install -g tslint'.
TSLint has a peer dependency on `typescript`, make sure that `typescript` is installed as well.
You need to reopen the workspace after installing tslint.
[Warn  - 12:15:50 AM] 
Failed to load the TSLint library for the document /opt/lampp/htdocs/divisima/js/main.js

To use TSLint in this workspace please install tslint using 'npm install tslint' or globally using 'npm install -g tslint'.
TSLint has a peer dependency on `typescript`, make sure that `typescript` is installed as well.
You need to reopen the workspace after installing tslint.
[Warn  - 12:15:50 AM] 
Failed to load the TSLint library for the document /opt/lampp/htdocs/divisima/js/main.js

To use TSLint in this workspace please install tslint using 'npm install tslint' or globally using 'npm install -g tslint'.
TSLint has a peer dependency on `typescript`, make sure that `typescript` is installed as well.
You need to reopen the workspace after installing tslint.
[Warn  - 12:17:16 AM] 
Failed to load the TSLint library for the document /opt/lampp/htdocs/divisima/js/main.js

To use TSLint in this workspace please install tslint using 'npm install tslint' or globally using 'npm install -g tslint'.
TSLint has a peer dependency on `typescript`, make sure that `typescript` is installed as well.
You need to reopen the workspace after installing tslint.
[Warn  - 12:17:34 AM] 
Failed to load the TSLint library for the document /opt/lampp/htdocs/divisima/js/main.js

To use TSLint in this workspace please install tslint using 'npm install tslint' or globally using 'npm install -g tslint'.
TSLint has a peer dependency on `typescript`, make sure that `typescript` is installed as well.
You need to reopen the workspace after installing tslint.
[Warn  - 12:17:35 AM] 
Failed to load the TSLint library for the document /opt/lampp/htdocs/divisima/js/main.js

To use TSLint in this workspace please install tslint using 'npm install tslint' or globally using 'npm install -g tslint'.
TSLint has a peer dependency on `typescript`, make sure that `typescript` is installed as well.
You need to reopen the workspace after installing tslint.
[Warn  - 12:18:01 AM] 
Failed to load the TSLint library for the document /opt/lampp/htdocs/divisima/js/main.js

To use TSLint in this workspace please install tslint using 'npm install tslint' or globally using 'npm install -g tslint'.
TSLint has a peer dependency on `typescript`, make sure that `typescript` is installed as well.
You need to reopen the workspace after installing tslint.
[Warn  - 12:18:28 AM] 
Failed to load the TSLint library for the document /opt/lampp/htdocs/divisima/js/main.js

To use TSLint in this workspace please install tslint using 'npm install tslint' or globally using 'npm install -g tslint'.
TSLint has a peer dependency on `typescript`, make sure that `typescript` is installed as well.
You need to reopen the workspace after installing tslint.
[Warn  - 12:18:28 AM] 
Failed to load the TSLint library for the document /opt/lampp/htdocs/divisima/js/main.js

To use TSLint in this workspace please install tslint using 'npm install tslint' or globally using 'npm install -g tslint'.
TSLint has a peer dependency on `typescript`, make sure that `typescript` is installed as well.
You need to reopen the workspace after installing tslint.
[Warn  - 12:19:10 AM] 
Failed to load the TSLint library for the document /opt/lampp/htdocs/divisima/js/main.js

To use TSLint in this workspace please install tslint using 'npm install tslint' or globally using 'npm install -g tslint'.
TSLint has a peer dependency on `typescript`, make sure that `typescript` is installed as well.
You need to reopen the workspace after installing tslint.
[Warn  - 12:21:09 AM] 
Failed to load the TSLint library for the document /opt/lampp/htdocs/divisima/js/jquery.zoom.min.js

To use TSLint in this workspace please install tslint using 'npm install tslint' or globally using 'npm install -g tslint'.
TSLint has a peer dependency on `typescript`, make sure that `typescript` is installed as well.
You need to reopen the workspace after installing tslint.
[Warn  - 12:21:15 AM] 
Failed to load the TSLint library for the document /opt/lampp/htdocs/divisima/js/jquery.slicknav.min.js

To use TSLint in this workspace please install tslint using 'npm install tslint' or globally using 'npm install -g tslint'.
TSLint has a peer dependency on `typescript`, make sure that `typescript` is installed as well.
You need to reopen the workspace after installing tslint.
[Warn  - 12:21:19 AM] 
Failed to load the TSLint library for the document /opt/lampp/htdocs/divisima/js/jquery.nicescroll.min.js

To use TSLint in this workspace please install tslint using 'npm install tslint' or globally using 'npm install -g tslint'.
TSLint has a peer dependency on `typescript`, make sure that `typescript` is installed as well.
You need to reopen the workspace after installing tslint.
[Warn  - 12:21:21 AM] 
Failed to load the TSLint library for the document /opt/lampp/htdocs/divisima/js/jquery-ui.min.js

To use TSLint in this workspace please install tslint using 'npm install tslint' or globally using 'npm install -g tslint'.
TSLint has a peer dependency on `typescript`, make sure that `typescript` is installed as well.
You need to reopen the workspace after installing tslint.
[Warn  - 12:21:23 AM] 
Failed to load the TSLint library for the document /opt/lampp/htdocs/divisima/js/jquery-3.2.1.min.js

To use TSLint in this workspace please install tslint using 'npm install tslint' or globally using 'npm install -g tslint'.
TSLint has a peer dependency on `typescript`, make sure that `typescript` is installed as well.
You need to reopen the workspace after installing tslint.
[Warn  - 12:21:29 AM] 
Failed to load the TSLint library for the document /opt/lampp/htdocs/divisima/js/bootstrap.min.js

To use TSLint in this workspace please install tslint using 'npm install tslint' or globally using 'npm install -g tslint'.
TSLint has a peer dependency on `typescript`, make sure that `typescript` is installed as well.
You need to reopen the workspace after installing tslint.
[Warn  - 12:21:32 AM] 
Failed to load the TSLint library for the document /opt/lampp/htdocs/divisima/js/owl.carousel.min.js

To use TSLint in this workspace please install tslint using 'npm install tslint' or globally using 'npm install -g tslint'.
TSLint has a peer dependency on `typescript`, make sure that `typescript` is installed as well.
You need to reopen the workspace after installing tslint.
[Warn  - 12:21:35 AM] 
Failed to load the TSLint library for the document /opt/lampp/htdocs/divisima/js/map.js

To use TSLint in this workspace please install tslint using 'npm install tslint' or globally using 'npm install -g tslint'.
TSLint has a peer dependency on `typescript`, make sure that `typescript` is installed as well.
You need to reopen the workspace after installing tslint.
[Warn  - 12:23:56 AM] 
Failed to load the TSLint library for the document /opt/lampp/htdocs/divisima/js/main.js

To use TSLint in this workspace please install tslint using 'npm install tslint' or globally using 'npm install -g tslint'.
TSLint has a peer dependency on `typescript`, make sure that `typescript` is installed as well.
You need to reopen the workspace after installing tslint.
[Warn  - 12:24:57 AM] 
Failed to load the TSLint library for the document /opt/lampp/htdocs/divisima/js/main.js

To use TSLint in this workspace please install tslint using 'npm install tslint' or globally using 'npm install -g tslint'.
TSLint has a peer dependency on `typescript`, make sure that `typescript` is installed as well.
You need to reopen the workspace after installing tslint.
[Warn  - 12:28:43 AM] 
Failed to load the TSLint library for the document /opt/lampp/htdocs/divisima/js/main.js

To use TSLint in this workspace please install tslint using 'npm install tslint' or globally using 'npm install -g tslint'.
TSLint has a peer dependency on `typescript`, make sure that `typescript` is installed as well.
You need to reopen the workspace after installing tslint.
[Warn  - 12:29:09 AM] 
Failed to load the TSLint library for the document /opt/lampp/htdocs/divisima/js/main.js

To use TSLint in this workspace please install tslint using 'npm install tslint' or globally using 'npm install -g tslint'.
TSLint has a peer dependency on `typescript`, make sure that `typescript` is installed as well.
You need to reopen the workspace after installing tslint.
[Warn  - 12:29:10 AM] 
Failed to load the TSLint library for the document /opt/lampp/htdocs/divisima/js/main.js

To use TSLint in this workspace please install tslint using 'npm install tslint' or globally using 'npm install -g tslint'.
TSLint has a peer dependency on `typescript`, make sure that `typescript` is installed as well.
You need to reopen the workspace after installing tslint.
[Warn  - 12:30:29 AM] 
Failed to load the TSLint library for the document /opt/lampp/htdocs/divisima/js/jquery.zoom.min.js

To use TSLint in this workspace please install tslint using 'npm install tslint' or globally using 'npm install -g tslint'.
TSLint has a peer dependency on `typescript`, make sure that `typescript` is installed as well.
You need to reopen the workspace after installing tslint.
[Warn  - 12:32:40 AM] 
Failed to load the TSLint library for the document /opt/lampp/htdocs/divisima/js/main.js

To use TSLint in this workspace please install tslint using 'npm install tslint' or globally using 'npm install -g tslint'.
TSLint has a peer dependency on `typescript`, make sure that `typescript` is installed as well.
You need to reopen the workspace after installing tslint.
[Warn  - 12:32:44 AM] 
Failed to load the TSLint library for the document /opt/lampp/htdocs/divisima/js/main.js

To use TSLint in this workspace please install tslint using 'npm install tslint' or globally using 'npm install -g tslint'.
TSLint has a peer dependency on `typescript`, make sure that `typescript` is installed as well.
You need to reopen the workspace after installing tslint.
[Warn  - 12:33:07 AM] 
Failed to load the TSLint library for the document /opt/lampp/htdocs/divisima/js/main.js

To use TSLint in this workspace please install tslint using 'npm install tslint' or globally using 'npm install -g tslint'.
TSLint has a peer dependency on `typescript`, make sure that `typescript` is installed as well.
You need to reopen the workspace after installing tslint.
[Warn  - 12:34:16 AM] 
Failed to load the TSLint library for the document /opt/lampp/htdocs/divisima/js/map.js

To use TSLint in this workspace please install tslint using 'npm install tslint' or globally using 'npm install -g tslint'.
TSLint has a peer dependency on `typescript`, make sure that `typescript` is installed as well.
You need to reopen the workspace after installing tslint.
[Warn  - 12:35:07 AM] 
Failed to load the TSLint library for the document /opt/lampp/htdocs/divisima/js/main.js

To use TSLint in this workspace please install tslint using 'npm install tslint' or globally using 'npm install -g tslint'.
TSLint has a peer dependency on `typescript`, make sure that `typescript` is installed as well.
You need to reopen the workspace after installing tslint.
[Warn  - 12:35:09 AM] 
Failed to load the TSLint library for the document /opt/lampp/htdocs/divisima/js/main.js

To use TSLint in this workspace please install tslint using 'npm install tslint' or globally using 'npm install -g tslint'.
TSLint has a peer dependency on `typescript`, make sure that `typescript` is installed as well.
You need to reopen the workspace after installing tslint.
[Warn  - 12:35:10 AM] 
Failed to load the TSLint library for the document /opt/lampp/htdocs/divisima/js/main.js

To use TSLint in this workspace please install tslint using 'npm install tslint' or globally using 'npm install -g tslint'.
TSLint has a peer dependency on `typescript`, make sure that `typescript` is installed as well.
You need to reopen the workspace after installing tslint.
[Warn  - 12:35:28 AM] 
Failed to load the TSLint library for the document /opt/lampp/htdocs/divisima/js/main.js

To use TSLint in this workspace please install tslint using 'npm install tslint' or globally using 'npm install -g tslint'.
TSLint has a peer dependency on `typescript`, make sure that `typescript` is installed as well.
You need to reopen the workspace after installing tslint.
[Warn  - 12:35:30 AM] 
Failed to load the TSLint library for the document /opt/lampp/htdocs/divisima/js/main.js

To use TSLint in this workspace please install tslint using 'npm install tslint' or globally using 'npm install -g tslint'.
TSLint has a peer dependency on `typescript`, make sure that `typescript` is installed as well.
You need to reopen the workspace after installing tslint.
[Warn  - 12:35:59 AM] 
Failed to load the TSLint library for the document /opt/lampp/htdocs/divisima/js/main.js

To use TSLint in this workspace please install tslint using 'npm install tslint' or globally using 'npm install -g tslint'.
TSLint has a peer dependency on `typescript`, make sure that `typescript` is installed as well.
You need to reopen the workspace after installing tslint.
[Warn  - 12:36:01 AM] 
Failed to load the TSLint library for the document /opt/lampp/htdocs/divisima/js/main.js

To use TSLint in this workspace please install tslint using 'npm install tslint' or globally using 'npm install -g tslint'.
TSLint has a peer dependency on `typescript`, make sure that `typescript` is installed as well.
You need to reopen the workspace after installing tslint.
[Warn  - 12:36:01 AM] 
Failed to load the TSLint library for the document /opt/lampp/htdocs/divisima/js/main.js

To use TSLint in this workspace please install tslint using 'npm install tslint' or globally using 'npm install -g tslint'.
TSLint has a peer dependency on `typescript`, make sure that `typescript` is installed as well.
You need to reopen the workspace after installing tslint.
[Warn  - 12:36:14 AM] 
Failed to load the TSLint library for the document /opt/lampp/htdocs/divisima/js/main.js

To use TSLint in this workspace please install tslint using 'npm install tslint' or globally using 'npm install -g tslint'.
TSLint has a peer dependency on `typescript`, make sure that `typescript` is installed as well.
You need to reopen the workspace after installing tslint.
[Warn  - 12:36:15 AM] 
Failed to load the TSLint library for the document /opt/lampp/htdocs/divisima/js/main.js

To use TSLint in this workspace please install tslint using 'npm install tslint' or globally using 'npm install -g tslint'.
TSLint has a peer dependency on `typescript`, make sure that `typescript` is installed as well.
You need to reopen the workspace after installing tslint.
[Warn  - 12:36:15 AM] 
Failed to load the TSLint library for the document /opt/lampp/htdocs/divisima/js/main.js

To use TSLint in this workspace please install tslint using 'npm install tslint' or globally using 'npm install -g tslint'.
TSLint has a peer dependency on `typescript`, make sure that `typescript` is installed as well.
You need to reopen the workspace after installing tslint.
[Warn  - 12:36:30 AM] 
Failed to load the TSLint library for the document /opt/lampp/htdocs/divisima/js/main.js

To use TSLint in this workspace please install tslint using 'npm install tslint' or globally using 'npm install -g tslint'.
TSLint has a peer dependency on `typescript`, make sure that `typescript` is installed as well.
You need to reopen the workspace after installing tslint.
[Warn  - 12:36:47 AM] 
Failed to load the TSLint library for the document /opt/lampp/htdocs/divisima/js/main.js

To use TSLint in this workspace please install tslint using 'npm install tslint' or globally using 'npm install -g tslint'.
TSLint has a peer dependency on `typescript`, make sure that `typescript` is installed as well.
You need to reopen the workspace after installing tslint.
[Warn  - 12:36:55 AM] 
Failed to load the TSLint library for the document /opt/lampp/htdocs/divisima/js/main.js

To use TSLint in this workspace please install tslint using 'npm install tslint' or globally using 'npm install -g tslint'.
TSLint has a peer dependency on `typescript`, make sure that `typescript` is installed as well.
You need to reopen the workspace after installing tslint.
[Warn  - 12:37:10 AM] 
Failed to load the TSLint library for the document /opt/lampp/htdocs/divisima/js/main.js

To use TSLint in this workspace please install tslint using 'npm install tslint' or globally using 'npm install -g tslint'.
TSLint has a peer dependency on `typescript`, make sure that `typescript` is installed as well.
You need to reopen the workspace after installing tslint.
[Warn  - 12:37:18 AM] 
Failed to load the TSLint library for the document /opt/lampp/htdocs/divisima/js/main.js

To use TSLint in this workspace please install tslint using 'npm install tslint' or globally using 'npm install -g tslint'.
TSLint has a peer dependency on `typescript`, make sure that `typescript` is installed as well.
You need to reopen the workspace after installing tslint.
[Warn  - 12:37:18 AM] 
Failed to load the TSLint library for the document /opt/lampp/htdocs/divisima/js/main.js

To use TSLint in this workspace please install tslint using 'npm install tslint' or globally using 'npm install -g tslint'.
TSLint has a peer dependency on `typescript`, make sure that `typescript` is installed as well.
You need to reopen the workspace after installing tslint.
[Warn  - 12:37:18 AM] 
Failed to load the TSLint library for the document /opt/lampp/htdocs/divisima/js/main.js

To use TSLint in this workspace please install tslint using 'npm install tslint' or globally using 'npm install -g tslint'.
TSLint has a peer dependency on `typescript`, make sure that `typescript` is installed as well.
You need to reopen the workspace after installing tslint.
[Warn  - 12:37:19 AM] 
Failed to load the TSLint library for the document /opt/lampp/htdocs/divisima/js/main.js

To use TSLint in this workspace please install tslint using 'npm install tslint' or globally using 'npm install -g tslint'.
TSLint has a peer dependency on `typescript`, make sure that `typescript` is installed as well.
You need to reopen the workspace after installing tslint.
[Warn  - 12:37:20 AM] 
Failed to load the TSLint library for the document /opt/lampp/htdocs/divisima/js/main.js

To use TSLint in this workspace please install tslint using 'npm install tslint' or globally using 'npm install -g tslint'.
TSLint has a peer dependency on `typescript`, make sure that `typescript` is installed as well.
You need to reopen the workspace after installing tslint.
[Warn  - 12:37:22 AM] 
Failed to load the TSLint library for the document /opt/lampp/htdocs/divisima/js/main.js

To use TSLint in this workspace please install tslint using 'npm install tslint' or globally using 'npm install -g tslint'.
TSLint has a peer dependency on `typescript`, make sure that `typescript` is installed as well.
You need to reopen the workspace after installing tslint.
[Warn  - 12:37:23 AM] 
Failed to load the TSLint library for the document /opt/lampp/htdocs/divisima/js/main.js

To use TSLint in this workspace please install tslint using 'npm install tslint' or globally using 'npm install -g tslint'.
TSLint has a peer dependency on `typescript`, make sure that `typescript` is installed as well.
You need to reopen the workspace after installing tslint.
[Warn  - 12:38:22 AM] 
Failed to load the TSLint library for the document /opt/lampp/htdocs/divisima/js/main.js

To use TSLint in this workspace please install tslint using 'npm install tslint' or globally using 'npm install -g tslint'.
TSLint has a peer dependency on `typescript`, make sure that `typescript` is installed as well.
You need to reopen the workspace after installing tslint.
[Warn  - 12:38:23 AM] 
Failed to load the TSLint library for the document /opt/lampp/htdocs/divisima/js/main.js

To use TSLint in this workspace please install tslint using 'npm install tslint' or globally using 'npm install -g tslint'.
TSLint has a peer dependency on `typescript`, make sure that `typescript` is installed as well.
You need to reopen the workspace after installing tslint.
[Warn  - 12:38:24 AM] 
Failed to load the TSLint library for the document /opt/lampp/htdocs/divisima/js/main.js

To use TSLint in this workspace please install tslint using 'npm install tslint' or globally using 'npm install -g tslint'.
TSLint has a peer dependency on `typescript`, make sure that `typescript` is installed as well.
You need to reopen the workspace after installing tslint.
[Warn  - 12:38:24 AM] 
Failed to load the TSLint library for the document /opt/lampp/htdocs/divisima/js/main.js

To use TSLint in this workspace please install tslint using 'npm install tslint' or globally using 'npm install -g tslint'.
TSLint has a peer dependency on `typescript`, make sure that `typescript` is installed as well.
You need to reopen the workspace after installing tslint.
[Warn  - 12:38:30 AM] 
Failed to load the TSLint library for the document /opt/lampp/htdocs/divisima/js/main.js

To use TSLint in this workspace please install tslint using 'npm install tslint' or globally using 'npm install -g tslint'.
TSLint has a peer dependency on `typescript`, make sure that `typescript` is installed as well.
You need to reopen the workspace after installing tslint.
[Warn  - 12:38:31 AM] 
Failed to load the TSLint library for the document /opt/lampp/htdocs/divisima/js/main.js

To use TSLint in this workspace please install tslint using 'npm install tslint' or globally using 'npm install -g tslint'.
TSLint has a peer dependency on `typescript`, make sure that `typescript` is installed as well.
You need to reopen the workspace after installing tslint.
[Warn  - 12:38:31 AM] 
Failed to load the TSLint library for the document /opt/lampp/htdocs/divisima/js/main.js

To use TSLint in this workspace please install tslint using 'npm install tslint' or globally using 'npm install -g tslint'.
TSLint has a peer dependency on `typescript`, make sure that `typescript` is installed as well.
You need to reopen the workspace after installing tslint.
[Warn  - 12:38:32 AM] 
Failed to load the TSLint library for the document /opt/lampp/htdocs/divisima/js/main.js

To use TSLint in this workspace please install tslint using 'npm install tslint' or globally using 'npm install -g tslint'.
TSLint has a peer dependency on `typescript`, make sure that `typescript` is installed as well.
You need to reopen the workspace after installing tslint.
[Warn  - 12:38:33 AM] 
Failed to load the TSLint library for the document /opt/lampp/htdocs/divisima/js/main.js

To use TSLint in this workspace please install tslint using 'npm install tslint' or globally using 'npm install -g tslint'.
TSLint has a peer dependency on `typescript`, make sure that `typescript` is installed as well.
You need to reopen the workspace after installing tslint.
[Warn  - 12:38:34 AM] 
Failed to load the TSLint library for the document /opt/lampp/htdocs/divisima/js/main.js

To use TSLint in this workspace please install tslint using 'npm install tslint' or globally using 'npm install -g tslint'.
TSLint has a peer dependency on `typescript`, make sure that `typescript` is installed as well.
You need to reopen the workspace after installing tslint.
[Warn  - 12:38:34 AM] 
Failed to load the TSLint library for the document /opt/lampp/htdocs/divisima/js/main.js

To use TSLint in this workspace please install tslint using 'npm install tslint' or globally using 'npm install -g tslint'.
TSLint has a peer dependency on `typescript`, make sure that `typescript` is installed as well.
You need to reopen the workspace after installing tslint.
[Warn  - 12:38:35 AM] 
Failed to load the TSLint library for the document /opt/lampp/htdocs/divisima/js/main.js

To use TSLint in this workspace please install tslint using 'npm install tslint' or globally using 'npm install -g tslint'.
TSLint has a peer dependency on `typescript`, make sure that `typescript` is installed as well.
You need to reopen the workspace after installing tslint.
[Warn  - 12:38:37 AM] 
Failed to load the TSLint library for the document /opt/lampp/htdocs/divisima/js/main.js

To use TSLint in this workspace please install tslint using 'npm install tslint' or globally using 'npm install -g tslint'.
TSLint has a peer dependency on `typescript`, make sure that `typescript` is installed as well.
You need to reopen the workspace after installing tslint.
[Warn  - 12:38:41 AM] 
Failed to load the TSLint library for the document /opt/lampp/htdocs/divisima/js/main.js

To use TSLint in this workspace please install tslint using 'npm install tslint' or globally using 'npm install -g tslint'.
TSLint has a peer dependency on `typescript`, make sure that `typescript` is installed as well.
You need to reopen the workspace after installing tslint.
[Warn  - 12:38:46 AM] 
Failed to load the TSLint library for the document /opt/lampp/htdocs/divisima/js/main.js

To use TSLint in this workspace please install tslint using 'npm install tslint' or globally using 'npm install -g tslint'.
TSLint has a peer dependency on `typescript`, make sure that `typescript` is installed as well.
You need to reopen the workspace after installing tslint.
[Warn  - 12:38:48 AM] 
Failed to load the TSLint library for the document /opt/lampp/htdocs/divisima/js/main.js

To use TSLint in this workspace please install tslint using 'npm install tslint' or globally using 'npm install -g tslint'.
TSLint has a peer dependency on `typescript`, make sure that `typescript` is installed as well.
You need to reopen the workspace after installing tslint.
[Warn  - 12:38:49 AM] 
Failed to load the TSLint library for the document /opt/lampp/htdocs/divisima/js/main.js

To use TSLint in this workspace please install tslint using 'npm install tslint' or globally using 'npm install -g tslint'.
TSLint has a peer dependency on `typescript`, make sure that `typescript` is installed as well.
You need to reopen the workspace after installing tslint.
[Warn  - 12:38:50 AM] 
Failed to load the TSLint library for the document /opt/lampp/htdocs/divisima/js/main.js

To use TSLint in this workspace please install tslint using 'npm install tslint' or globally using 'npm install -g tslint'.
TSLint has a peer dependency on `typescript`, make sure that `typescript` is installed as well.
You need to reopen the workspace after installing tslint.
[Warn  - 12:38:50 AM] 
Failed to load the TSLint library for the document /opt/lampp/htdocs/divisima/js/main.js

To use TSLint in this workspace please install tslint using 'npm install tslint' or globally using 'npm install -g tslint'.
TSLint has a peer dependency on `typescript`, make sure that `typescript` is installed as well.
You need to reopen the workspace after installing tslint.
[Warn  - 12:38:51 AM] 
Failed to load the TSLint library for the document /opt/lampp/htdocs/divisima/js/main.js

To use TSLint in this workspace please install tslint using 'npm install tslint' or globally using 'npm install -g tslint'.
TSLint has a peer dependency on `typescript`, make sure that `typescript` is installed as well.
You need to reopen the workspace after installing tslint.
[Warn  - 12:38:52 AM] 
Failed to load the TSLint library for the document /opt/lampp/htdocs/divisima/js/main.js

To use TSLint in this workspace please install tslint using 'npm install tslint' or globally using 'npm install -g tslint'.
TSLint has a peer dependency on `typescript`, make sure that `typescript` is installed as well.
You need to reopen the workspace after installing tslint.
[Warn  - 12:38:53 AM] 
Failed to load the TSLint library for the document /opt/lampp/htdocs/divisima/js/main.js

To use TSLint in this workspace please install tslint using 'npm install tslint' or globally using 'npm install -g tslint'.
TSLint has a peer dependency on `typescript`, make sure that `typescript` is installed as well.
You need to reopen the workspace after installing tslint.
[Warn  - 12:38:54 AM] 
Failed to load the TSLint library for the document /opt/lampp/htdocs/divisima/js/main.js

To use TSLint in this workspace please install tslint using 'npm install tslint' or globally using 'npm install -g tslint'.
TSLint has a peer dependency on `typescript`, make sure that `typescript` is installed as well.
You need to reopen the workspace after installing tslint.
[Warn  - 12:38:55 AM] 
Failed to load the TSLint library for the document /opt/lampp/htdocs/divisima/js/main.js

To use TSLint in this workspace please install tslint using 'npm install tslint' or globally using 'npm install -g tslint'.
TSLint has a peer dependency on `typescript`, make sure that `typescript` is installed as well.
You need to reopen the workspace after installing tslint.
[Warn  - 12:38:56 AM] 
Failed to load the TSLint library for the document /opt/lampp/htdocs/divisima/js/main.js

To use TSLint in this workspace please install tslint using 'npm install tslint' or globally using 'npm install -g tslint'.
TSLint has a peer dependency on `typescript`, make sure that `typescript` is installed as well.
You need to reopen the workspace after installing tslint.
[Warn  - 12:38:59 AM] 
Failed to load the TSLint library for the document /opt/lampp/htdocs/divisima/js/main.js

To use TSLint in this workspace please install tslint using 'npm install tslint' or globally using 'npm install -g tslint'.
TSLint has a peer dependency on `typescript`, make sure that `typescript` is installed as well.
You need to reopen the workspace after installing tslint.
[Warn  - 12:39:00 AM] 
Failed to load the TSLint library for the document /opt/lampp/htdocs/divisima/js/main.js

To use TSLint in this workspace please install tslint using 'npm install tslint' or globally using 'npm install -g tslint'.
TSLint has a peer dependency on `typescript`, make sure that `typescript` is installed as well.
You need to reopen the workspace after installing tslint.
[Warn  - 12:39:01 AM] 
Failed to load the TSLint library for the document /opt/lampp/htdocs/divisima/js/main.js

To use TSLint in this workspace please install tslint using 'npm install tslint' or globally using 'npm install -g tslint'.
TSLint has a peer dependency on `typescript`, make sure that `typescript` is installed as well.
You need to reopen the workspace after installing tslint.
[Warn  - 12:39:02 AM] 
Failed to load the TSLint library for the document /opt/lampp/htdocs/divisima/js/main.js

To use TSLint in this workspace please install tslint using 'npm install tslint' or globally using 'npm install -g tslint'.
TSLint has a peer dependency on `typescript`, make sure that `typescript` is installed as well.
You need to reopen the workspace after installing tslint.
