[2019-02-25 13:42:09.777] [exthost] [info] extension host started
[2019-02-25 13:42:09.804] [exthost] [info] ExtensionService#_doActivateExtension vscode.debug-auto-launch {"startup":true,"activationEvent":"*"}
[2019-02-25 13:42:09.804] [exthost] [info] ExtensionService#loadCommonJSModule /usr/share/code/resources/app/extensions/debug-auto-launch/dist/extension
[2019-02-25 13:42:09.813] [exthost] [info] ExtensionService#_doActivateExtension vscode.emmet {"startup":true,"activationEvent":"*"}
[2019-02-25 13:42:09.813] [exthost] [info] ExtensionService#loadCommonJSModule /usr/share/code/resources/app/extensions/emmet/dist/extension
[2019-02-25 13:42:09.851] [exthost] [info] ExtensionService#_doActivateExtension vscode.git {"startup":true,"activationEvent":"*"}
[2019-02-25 13:42:09.851] [exthost] [info] ExtensionService#loadCommonJSModule /usr/share/code/resources/app/extensions/git/dist/main
[2019-02-25 13:42:09.999] [exthost] [info] ExtensionService#_doActivateExtension vscode.merge-conflict {"startup":true,"activationEvent":"*"}
[2019-02-25 13:42:09.999] [exthost] [info] ExtensionService#loadCommonJSModule /usr/share/code/resources/app/extensions/merge-conflict/dist/extension
[2019-02-25 13:42:10.006] [exthost] [info] ExtensionService#_doActivateExtension vscode.search-rg {"startup":true,"activationEvent":"*"}
[2019-02-25 13:42:10.006] [exthost] [info] ExtensionService#loadCommonJSModule /usr/share/code/resources/app/extensions/search-rg/dist/extension
[2019-02-25 13:42:10.011] [exthost] [info] ExtensionService#_doActivateExtension dbaeumer.vscode-eslint {"startup":true,"activationEvent":"*"}
[2019-02-25 13:42:10.011] [exthost] [info] ExtensionService#loadCommonJSModule /home/admed/.vscode/extensions/dbaeumer.vscode-eslint-1.7.2/client/out/extension
[2019-02-25 13:42:10.075] [exthost] [info] ExtensionService#_doActivateExtension HookyQR.beautify {"startup":true,"activationEvent":"*"}
[2019-02-25 13:42:10.075] [exthost] [info] ExtensionService#loadCommonJSModule /home/admed/.vscode/extensions/hookyqr.beautify-1.4.9/extension
[2019-02-25 13:42:10.131] [exthost] [info] eager extensions activated
[2019-02-25 13:42:47.095] [exthost] [info] extension host started
[2019-02-25 13:42:47.119] [exthost] [info] ExtensionService#_doActivateExtension vscode.debug-auto-launch {"startup":true,"activationEvent":"*"}
[2019-02-25 13:42:47.119] [exthost] [info] ExtensionService#loadCommonJSModule /usr/share/code/resources/app/extensions/debug-auto-launch/dist/extension
[2019-02-25 13:42:47.132] [exthost] [info] ExtensionService#_doActivateExtension vscode.emmet {"startup":true,"activationEvent":"*"}
[2019-02-25 13:42:47.132] [exthost] [info] ExtensionService#loadCommonJSModule /usr/share/code/resources/app/extensions/emmet/dist/extension
[2019-02-25 13:42:47.167] [exthost] [info] ExtensionService#_doActivateExtension vscode.git {"startup":true,"activationEvent":"*"}
[2019-02-25 13:42:47.167] [exthost] [info] ExtensionService#loadCommonJSModule /usr/share/code/resources/app/extensions/git/dist/main
[2019-02-25 13:42:47.295] [exthost] [info] ExtensionService#_doActivateExtension vscode.merge-conflict {"startup":true,"activationEvent":"*"}
[2019-02-25 13:42:47.295] [exthost] [info] ExtensionService#loadCommonJSModule /usr/share/code/resources/app/extensions/merge-conflict/dist/extension
[2019-02-25 13:42:47.301] [exthost] [info] ExtensionService#_doActivateExtension vscode.search-rg {"startup":true,"activationEvent":"*"}
[2019-02-25 13:42:47.301] [exthost] [info] ExtensionService#loadCommonJSModule /usr/share/code/resources/app/extensions/search-rg/dist/extension
[2019-02-25 13:42:47.305] [exthost] [info] ExtensionService#_doActivateExtension dbaeumer.vscode-eslint {"startup":true,"activationEvent":"*"}
[2019-02-25 13:42:47.305] [exthost] [info] ExtensionService#loadCommonJSModule /home/admed/.vscode/extensions/dbaeumer.vscode-eslint-1.7.2/client/out/extension
[2019-02-25 13:42:47.349] [exthost] [info] ExtensionService#_doActivateExtension HookyQR.beautify {"startup":true,"activationEvent":"*"}
[2019-02-25 13:42:47.349] [exthost] [info] ExtensionService#loadCommonJSModule /home/admed/.vscode/extensions/hookyqr.beautify-1.4.9/extension
[2019-02-25 13:42:47.735] [exthost] [info] eager extensions activated
[2019-02-25 13:42:55.714] [exthost] [info] ExtensionService#_doActivateExtension vscode.php-language-features {"startup":false,"activationEvent":"onLanguage:php"}
[2019-02-25 13:42:55.714] [exthost] [info] ExtensionService#loadCommonJSModule /usr/share/code/resources/app/extensions/php-language-features/dist/phpMain
[2019-02-25 13:42:59.364] [exthost] [info] ExtensionService#_doActivateExtension vscode.html-language-features {"startup":false,"activationEvent":"onLanguage:html"}
[2019-02-25 13:42:59.364] [exthost] [info] ExtensionService#loadCommonJSModule /usr/share/code/resources/app/extensions/html-language-features/client/dist/htmlMain
[2019-02-25 13:42:59.482] [exthost] [info] ExtensionService#_doActivateExtension dbaeumer.jshint {"startup":false,"activationEvent":"onLanguage:html"}
[2019-02-25 13:42:59.482] [exthost] [info] ExtensionService#loadCommonJSModule /home/admed/.vscode/extensions/dbaeumer.jshint-0.10.20/jshint/out/extension
[2019-02-25 23:54:29.485] [exthost] [info] ExtensionService#_doActivateExtension vscode.typescript-language-features {"startup":false,"activationEvent":"onLanguage:javascript"}
[2019-02-25 23:54:29.486] [exthost] [info] ExtensionService#loadCommonJSModule /usr/share/code/resources/app/extensions/typescript-language-features/dist/extension
[2019-02-25 23:54:29.628] [exthost] [info] ExtensionService#_doActivateExtension eg2.tslint {"startup":false,"activationEvent":"onLanguage:javascript"}
[2019-02-25 23:54:29.628] [exthost] [info] ExtensionService#loadCommonJSModule /home/admed/.vscode/extensions/eg2.tslint-1.0.43/out/extension
[2019-02-25 23:56:31.775] [exthost] [info] ExtensionService#_doActivateExtension vscode.extension-editing {"startup":false,"activationEvent":"onLanguage:typescript"}
[2019-02-25 23:56:31.775] [exthost] [info] ExtensionService#loadCommonJSModule /usr/share/code/resources/app/extensions/extension-editing/dist/extension
[2019-02-26 00:21:57.791] [exthost] [info] ExtensionService#_doActivateExtension vscode.configuration-editing {"startup":false,"activationEvent":"onLanguage:json"}
[2019-02-26 00:21:57.791] [exthost] [info] ExtensionService#loadCommonJSModule /usr/share/code/resources/app/extensions/configuration-editing/dist/extension
[2019-02-26 00:21:57.841] [exthost] [info] ExtensionService#_doActivateExtension vscode.json-language-features {"startup":false,"activationEvent":"onLanguage:json"}
[2019-02-26 00:21:57.841] [exthost] [info] ExtensionService#loadCommonJSModule /usr/share/code/resources/app/extensions/json-language-features/client/dist/jsonMain
[2019-02-26 00:21:57.971] [exthost] [info] ExtensionService#_doActivateExtension vscode.npm {"startup":false,"activationEvent":"onLanguage:json"}
[2019-02-26 00:21:57.971] [exthost] [info] ExtensionService#loadCommonJSModule /usr/share/code/resources/app/extensions/npm/dist/main
